Der Buildvorgang wurde am 10.12.2014 08:46:20 gestartet.
     1>Projekt "C:\Users\danie_000\documents\visual studio 2013\Projects\CarSim\CarSim\CarSim.vcxproj" auf Knoten "2", Build Ziel(e).
     1>ClCompile:
         D:\Microsoft Visual Studio 12.0\VC\bin\CL.exe /c /ZI /nologo /W3 /WX- /sdl /Od /Oy- /D WIN32 /D _DEBUG /D _CONSOLE /D _LIB /D _UNICODE /D UNICODE /Gm /EHsc /RTC1 /MDd /GS /fp:precise /Zc:wchar_t /Zc:forScope /Yu"stdafx.h" /Fp"Debug\CarSim.pch" /Fo"Debug\\" /Fd"Debug\vc120.pdb" /Gd /TP /analyze- /errorReport:prompt Motor.cpp
         Motor.cpp
       Link:
         D:\Microsoft Visual Studio 12.0\VC\bin\link.exe /ERRORREPORT:PROMPT /OUT:"C:\Users\danie_000\documents\visual studio 2013\Projects\CarSim\Debug\CarSim.exe" /INCREMENTAL /NOLOGO kernel32.lib user32.lib gdi32.lib winspool.lib comdlg32.lib advapi32.lib shell32.lib ole32.lib oleaut32.lib uuid.lib odbc32.lib odbccp32.lib /MANIFEST /MANIFESTUAC:"level='asInvoker' uiAccess='false'" /manifest:embed /DEBUG /PDB:"C:\Users\danie_000\documents\visual studio 2013\Projects\CarSim\Debug\CarSim.pdb" /SUBSYSTEM:CONSOLE /TLBID:1 /DYNAMICBASE /NXCOMPAT /IMPLIB:"C:\Users\danie_000\documents\visual studio 2013\Projects\CarSim\Debug\CarSim.lib" /MACHINE:X86 Debug\Car.obj
         Debug\CarTracker.obj
         Debug\Driver.obj
         Debug\Gearbox.obj
         Debug\main.obj
         Debug\Motor.obj
         Debug\ShiftControl.obj
         Debug\SimulationListener.obj
         Debug\Simulator.obj
         Debug\stdafx.obj
         CarSim.vcxproj -> C:\Users\danie_000\documents\visual studio 2013\Projects\CarSim\Debug\CarSim.exe
     1>Die Erstellung des Projekts "C:\Users\danie_000\documents\visual studio 2013\Projects\CarSim\CarSim\CarSim.vcxproj" ist abgeschlossen, Build Ziel(e).

Build erfolgreich.

Verstrichene Zeit 00:00:00.40
