c:\users\danie_000\documents\visual studio 2013\projects\carsim\carsim\debug\carsim.pch
c:\users\danie_000\documents\visual studio 2013\projects\carsim\carsim\debug\vc120.pdb
c:\users\danie_000\documents\visual studio 2013\projects\carsim\carsim\debug\vc120.idb
c:\users\danie_000\documents\visual studio 2013\projects\carsim\carsim\debug\stdafx.obj
c:\users\danie_000\documents\visual studio 2013\projects\carsim\carsim\debug\car.obj
c:\users\danie_000\documents\visual studio 2013\projects\carsim\carsim\debug\cartracker.obj
c:\users\danie_000\documents\visual studio 2013\projects\carsim\carsim\debug\driver.obj
c:\users\danie_000\documents\visual studio 2013\projects\carsim\carsim\debug\gearbox.obj
c:\users\danie_000\documents\visual studio 2013\projects\carsim\carsim\debug\main.obj
c:\users\danie_000\documents\visual studio 2013\projects\carsim\carsim\debug\motor.obj
c:\users\danie_000\documents\visual studio 2013\projects\carsim\carsim\debug\shiftcontrol.obj
c:\users\danie_000\documents\visual studio 2013\projects\carsim\carsim\debug\simulationlistener.obj
c:\users\danie_000\documents\visual studio 2013\projects\carsim\carsim\debug\simulator.obj
c:\users\danie_000\documents\visual studio 2013\projects\carsim\debug\carsim.ilk
c:\users\danie_000\documents\visual studio 2013\projects\carsim\debug\carsim.exe
c:\users\danie_000\documents\visual studio 2013\projects\carsim\debug\carsim.pdb
c:\users\danie_000\documents\visual studio 2013\projects\carsim\carsim\debug\carsim.tlog\cl.command.1.tlog
c:\users\danie_000\documents\visual studio 2013\projects\carsim\carsim\debug\carsim.tlog\cl.read.1.tlog
c:\users\danie_000\documents\visual studio 2013\projects\carsim\carsim\debug\carsim.tlog\cl.write.1.tlog
c:\users\danie_000\documents\visual studio 2013\projects\carsim\carsim\debug\carsim.tlog\link.command.1.tlog
c:\users\danie_000\documents\visual studio 2013\projects\carsim\carsim\debug\carsim.tlog\link.read.1.tlog
c:\users\danie_000\documents\visual studio 2013\projects\carsim\carsim\debug\carsim.tlog\link.write.1.tlog
